2015-10-14 19:56:33,757 [Worker-8] INFO  o.e.m.c.i.l.LifecycleMappingFactory - Using org.maven.ide.eclipse.wtp.WarLifecycleMapping lifecycle mapping for MavenProject: Skeleton:Skeleton:1.0 @ /Volumes/Macintosh HD/Users/lucienmadl/GitHub/ese2015_hello2/Skeleton/pom.xml.
2015-10-14 19:56:40,050 [Worker-8] INFO  o.e.m.j.i.AbstractJavaProjectConfigurator - Adding source folder /Skeleton/src/main/java
2015-10-14 19:56:40,051 [Worker-8] INFO  o.e.m.j.i.AbstractJavaProjectConfigurator - Adding source folder /Skeleton/src/test/java
2015-10-14 19:56:41,614 [Worker-8] INFO  o.e.m.c.i.p.ProjectConfigurationManager - Imported and configured 1 project(s) in 20 sec
2015-10-14 19:56:44,899 [Worker-15] INFO  o.e.m.c.i.embedder.EclipseLogger - Using 'UTF-8' encoding to copy filtered resources.
2015-10-14 19:56:44,901 [Worker-15] INFO  o.e.m.c.i.embedder.EclipseLogger - skip non existing resourceDirectory /Volumes/Macintosh HD/Users/lucienmadl/GitHub/ese2015_hello2/Skeleton/src/main/resources
2015-10-14 19:56:44,910 [Worker-15] INFO  o.e.m.c.i.embedder.EclipseLogger - Using 'UTF-8' encoding to copy filtered resources.
2015-10-14 19:56:44,910 [Worker-15] INFO  o.e.m.c.i.embedder.EclipseLogger - skip non existing resourceDirectory /Volumes/Macintosh HD/Users/lucienmadl/GitHub/ese2015_hello2/Skeleton/src/test/resources
2015-10-14 19:57:03,856 [Worker-18] INFO  o.e.m.c.i.embedder.EclipseLogger - Using 'UTF-8' encoding to copy filtered resources.
2015-10-14 19:57:03,857 [Worker-18] INFO  o.e.m.c.i.embedder.EclipseLogger - skip non existing resourceDirectory /Volumes/Macintosh HD/Users/lucienmadl/GitHub/ese2015_hello2/Skeleton/src/main/resources
2015-10-14 19:57:03,858 [Worker-18] INFO  o.e.m.c.i.embedder.EclipseLogger - Using 'UTF-8' encoding to copy filtered resources.
2015-10-14 19:57:03,859 [Worker-18] INFO  o.e.m.c.i.embedder.EclipseLogger - skip non existing resourceDirectory /Volumes/Macintosh HD/Users/lucienmadl/GitHub/ese2015_hello2/Skeleton/src/test/resources
2015-10-14 19:58:02,806 [Worker-22] INFO  o.e.m.c.i.embedder.EclipseLogger - Using 'UTF-8' encoding to copy filtered resources.
2015-10-14 19:58:02,806 [Worker-22] INFO  o.e.m.c.i.embedder.EclipseLogger - skip non existing resourceDirectory /Volumes/Macintosh HD/Users/lucienmadl/GitHub/ese2015_hello2/Skeleton/src/main/resources
2015-10-14 19:58:02,808 [Worker-22] INFO  o.e.m.c.i.embedder.EclipseLogger - Using 'UTF-8' encoding to copy filtered resources.
2015-10-14 19:58:02,808 [Worker-22] INFO  o.e.m.c.i.embedder.EclipseLogger - skip non existing resourceDirectory /Volumes/Macintosh HD/Users/lucienmadl/GitHub/ese2015_hello2/Skeleton/src/test/resources
2015-10-14 20:00:21,793 [Worker-2] INFO  o.e.m.c.i.embedder.EclipseLogger - Using 'UTF-8' encoding to copy filtered resources.
2015-10-14 20:00:21,799 [Worker-2] INFO  o.e.m.c.i.embedder.EclipseLogger - skip non existing resourceDirectory /Volumes/Macintosh HD/Users/lucienmadl/GitHub/ese2015_hello2/Skeleton/src/main/resources
2015-10-14 20:00:21,803 [Worker-2] INFO  o.e.m.c.i.embedder.EclipseLogger - Using 'UTF-8' encoding to copy filtered resources.
2015-10-14 20:00:21,803 [Worker-2] INFO  o.e.m.c.i.embedder.EclipseLogger - skip non existing resourceDirectory /Volumes/Macintosh HD/Users/lucienmadl/GitHub/ese2015_hello2/Skeleton/src/test/resources
2015-10-14 20:05:46,815 [Worker-11] INFO  o.e.m.c.i.embedder.EclipseLogger - Using 'UTF-8' encoding to copy filtered resources.
2015-10-14 20:05:46,816 [Worker-11] INFO  o.e.m.c.i.embedder.EclipseLogger - skip non existing resourceDirectory /Volumes/Macintosh HD/Users/lucienmadl/GitHub/ese2015_hello2/Skeleton/src/main/resources
2015-10-14 20:05:46,818 [Worker-11] INFO  o.e.m.c.i.embedder.EclipseLogger - Using 'UTF-8' encoding to copy filtered resources.
2015-10-14 20:05:46,818 [Worker-11] INFO  o.e.m.c.i.embedder.EclipseLogger - skip non existing resourceDirectory /Volumes/Macintosh HD/Users/lucienmadl/GitHub/ese2015_hello2/Skeleton/src/test/resources
2015-10-14 20:06:38,296 [main] INFO  o.e.m2e.actions.ExecutePomAction - Creating new launch configuration
2015-10-14 20:06:52,008 [main] INFO  o.e.m2e.actions.ExecutePomAction - Using existing launch configuration
2015-10-14 20:07:50,524 [main] INFO  o.e.m2e.actions.ExecutePomAction - Creating new launch configuration
2015-10-14 20:07:52,984 [Worker-12] INFO  o.e.m.i.launch.MavenLaunchDelegate - /Volumes/Macintosh HD/Users/lucienmadl/GitHub/ese2015_hello2/Skeleton
2015-10-14 20:07:52,985 [Worker-12] INFO  o.e.m.i.launch.MavenLaunchDelegate -  mvn  -B jetty:stop jetty:run
2015-10-14 20:10:27,688 [Worker-8] INFO  o.e.m.c.i.embedder.EclipseLogger - Using 'UTF-8' encoding to copy filtered resources.
2015-10-14 20:10:27,688 [Worker-8] INFO  o.e.m.c.i.embedder.EclipseLogger - skip non existing resourceDirectory /Volumes/Macintosh HD/Users/lucienmadl/GitHub/ese2015_hello2/Skeleton/src/main/resources
2015-10-14 20:10:27,690 [Worker-8] INFO  o.e.m.c.i.embedder.EclipseLogger - Using 'UTF-8' encoding to copy filtered resources.
2015-10-14 20:10:27,691 [Worker-8] INFO  o.e.m.c.i.embedder.EclipseLogger - skip non existing resourceDirectory /Volumes/Macintosh HD/Users/lucienmadl/GitHub/ese2015_hello2/Skeleton/src/test/resources
2015-10-14 20:10:43,626 [Worker-12] INFO  o.e.m.c.i.embedder.EclipseLogger - Using 'UTF-8' encoding to copy filtered resources.
2015-10-14 20:10:43,626 [Worker-12] INFO  o.e.m.c.i.embedder.EclipseLogger - skip non existing resourceDirectory /Volumes/Macintosh HD/Users/lucienmadl/GitHub/ese2015_hello2/Skeleton/src/main/resources
2015-10-14 20:10:43,628 [Worker-12] INFO  o.e.m.c.i.embedder.EclipseLogger - Using 'UTF-8' encoding to copy filtered resources.
2015-10-14 20:10:43,629 [Worker-12] INFO  o.e.m.c.i.embedder.EclipseLogger - skip non existing resourceDirectory /Volumes/Macintosh HD/Users/lucienmadl/GitHub/ese2015_hello2/Skeleton/src/test/resources
2015-10-14 20:11:00,197 [Worker-12] INFO  o.e.m.c.i.embedder.EclipseLogger - Using 'UTF-8' encoding to copy filtered resources.
2015-10-14 20:11:00,197 [Worker-12] INFO  o.e.m.c.i.embedder.EclipseLogger - skip non existing resourceDirectory /Volumes/Macintosh HD/Users/lucienmadl/GitHub/ese2015_hello2/Skeleton/src/main/resources
2015-10-14 20:11:00,199 [Worker-12] INFO  o.e.m.c.i.embedder.EclipseLogger - Using 'UTF-8' encoding to copy filtered resources.
2015-10-14 20:11:00,199 [Worker-12] INFO  o.e.m.c.i.embedder.EclipseLogger - skip non existing resourceDirectory /Volumes/Macintosh HD/Users/lucienmadl/GitHub/ese2015_hello2/Skeleton/src/test/resources
2015-10-14 20:12:36,666 [Worker-0] INFO  o.e.m.c.i.embedder.EclipseLogger - Using 'UTF-8' encoding to copy filtered resources.
2015-10-14 20:12:36,666 [Worker-0] INFO  o.e.m.c.i.embedder.EclipseLogger - skip non existing resourceDirectory /Volumes/Macintosh HD/Users/lucienmadl/GitHub/ese2015_hello2/Skeleton/src/main/resources
2015-10-14 20:12:36,667 [Worker-0] INFO  o.e.m.c.i.embedder.EclipseLogger - Using 'UTF-8' encoding to copy filtered resources.
2015-10-14 20:12:36,668 [Worker-0] INFO  o.e.m.c.i.embedder.EclipseLogger - skip non existing resourceDirectory /Volumes/Macintosh HD/Users/lucienmadl/GitHub/ese2015_hello2/Skeleton/src/test/resources
2015-10-14 20:14:17,063 [Worker-2] INFO  o.e.m.c.i.embedder.EclipseLogger - Using 'UTF-8' encoding to copy filtered resources.
2015-10-14 20:14:17,063 [Worker-2] INFO  o.e.m.c.i.embedder.EclipseLogger - skip non existing resourceDirectory /Volumes/Macintosh HD/Users/lucienmadl/GitHub/ese2015_hello2/Skeleton/src/main/resources
2015-10-14 20:14:17,065 [Worker-2] INFO  o.e.m.c.i.embedder.EclipseLogger - Using 'UTF-8' encoding to copy filtered resources.
2015-10-14 20:14:17,065 [Worker-2] INFO  o.e.m.c.i.embedder.EclipseLogger - skip non existing resourceDirectory /Volumes/Macintosh HD/Users/lucienmadl/GitHub/ese2015_hello2/Skeleton/src/test/resources
2015-10-14 20:14:43,197 [Worker-20] INFO  o.e.m.i.launch.MavenLaunchDelegate - /Volumes/Macintosh HD/Users/lucienmadl/GitHub/ese2015_hello2/Skeleton
2015-10-14 20:14:43,197 [Worker-20] INFO  o.e.m.i.launch.MavenLaunchDelegate -  mvn  -B jetty:stop jetty:run
2015-10-14 20:15:39,690 [Worker-20] INFO  o.e.m.c.i.embedder.EclipseLogger - Using 'UTF-8' encoding to copy filtered resources.
2015-10-14 20:15:39,691 [Worker-20] INFO  o.e.m.c.i.embedder.EclipseLogger - skip non existing resourceDirectory /Volumes/Macintosh HD/Users/lucienmadl/GitHub/ese2015_hello2/Skeleton/src/main/resources
2015-10-14 20:15:39,694 [Worker-20] INFO  o.e.m.c.i.embedder.EclipseLogger - Using 'UTF-8' encoding to copy filtered resources.
2015-10-14 20:15:39,695 [Worker-20] INFO  o.e.m.c.i.embedder.EclipseLogger - skip non existing resourceDirectory /Volumes/Macintosh HD/Users/lucienmadl/GitHub/ese2015_hello2/Skeleton/src/test/resources
2015-10-14 20:17:53,595 [Worker-20] INFO  o.e.m.c.i.embedder.EclipseLogger - Using 'UTF-8' encoding to copy filtered resources.
2015-10-14 20:17:53,595 [Worker-20] INFO  o.e.m.c.i.embedder.EclipseLogger - skip non existing resourceDirectory /Volumes/Macintosh HD/Users/lucienmadl/GitHub/ese2015_hello2/Skeleton/src/main/resources
2015-10-14 20:17:53,597 [Worker-20] INFO  o.e.m.c.i.embedder.EclipseLogger - Using 'UTF-8' encoding to copy filtered resources.
2015-10-14 20:17:53,597 [Worker-20] INFO  o.e.m.c.i.embedder.EclipseLogger - skip non existing resourceDirectory /Volumes/Macintosh HD/Users/lucienmadl/GitHub/ese2015_hello2/Skeleton/src/test/resources
2015-10-14 20:24:14,591 [Worker-23] INFO  o.e.m.c.i.embedder.EclipseLogger - Using 'UTF-8' encoding to copy filtered resources.
2015-10-14 20:24:14,591 [Worker-23] INFO  o.e.m.c.i.embedder.EclipseLogger - skip non existing resourceDirectory /Volumes/Macintosh HD/Users/lucienmadl/GitHub/ese2015_hello2/Skeleton/src/main/resources
2015-10-14 20:24:14,593 [Worker-23] INFO  o.e.m.c.i.embedder.EclipseLogger - Using 'UTF-8' encoding to copy filtered resources.
2015-10-14 20:24:14,593 [Worker-23] INFO  o.e.m.c.i.embedder.EclipseLogger - skip non existing resourceDirectory /Volumes/Macintosh HD/Users/lucienmadl/GitHub/ese2015_hello2/Skeleton/src/test/resources
2015-10-14 20:25:39,175 [Worker-22] INFO  o.e.m.c.i.embedder.EclipseLogger - Using 'UTF-8' encoding to copy filtered resources.
2015-10-14 20:25:39,176 [Worker-22] INFO  o.e.m.c.i.embedder.EclipseLogger - skip non existing resourceDirectory /Volumes/Macintosh HD/Users/lucienmadl/GitHub/ese2015_hello2/Skeleton/src/main/resources
2015-10-14 20:25:39,178 [Worker-22] INFO  o.e.m.c.i.embedder.EclipseLogger - Using 'UTF-8' encoding to copy filtered resources.
2015-10-14 20:25:39,178 [Worker-22] INFO  o.e.m.c.i.embedder.EclipseLogger - skip non existing resourceDirectory /Volumes/Macintosh HD/Users/lucienmadl/GitHub/ese2015_hello2/Skeleton/src/test/resources
2015-10-14 20:27:05,088 [Worker-26] INFO  o.e.m.c.i.embedder.EclipseLogger - Using 'UTF-8' encoding to copy filtered resources.
2015-10-14 20:27:05,088 [Worker-26] INFO  o.e.m.c.i.embedder.EclipseLogger - skip non existing resourceDirectory /Volumes/Macintosh HD/Users/lucienmadl/GitHub/ese2015_hello2/Skeleton/src/main/resources
2015-10-14 20:27:05,090 [Worker-26] INFO  o.e.m.c.i.embedder.EclipseLogger - Using 'UTF-8' encoding to copy filtered resources.
2015-10-14 20:27:05,091 [Worker-26] INFO  o.e.m.c.i.embedder.EclipseLogger - skip non existing resourceDirectory /Volumes/Macintosh HD/Users/lucienmadl/GitHub/ese2015_hello2/Skeleton/src/test/resources
2015-10-14 20:27:57,828 [Worker-26] INFO  o.e.m.c.i.embedder.EclipseLogger - Using 'UTF-8' encoding to copy filtered resources.
2015-10-14 20:27:57,829 [Worker-26] INFO  o.e.m.c.i.embedder.EclipseLogger - skip non existing resourceDirectory /Volumes/Macintosh HD/Users/lucienmadl/GitHub/ese2015_hello2/Skeleton/src/main/resources
2015-10-14 20:27:57,831 [Worker-26] INFO  o.e.m.c.i.embedder.EclipseLogger - Using 'UTF-8' encoding to copy filtered resources.
2015-10-14 20:27:57,832 [Worker-26] INFO  o.e.m.c.i.embedder.EclipseLogger - skip non existing resourceDirectory /Volumes/Macintosh HD/Users/lucienmadl/GitHub/ese2015_hello2/Skeleton/src/test/resources
2015-10-14 20:28:06,731 [Worker-22] INFO  o.e.m.i.launch.MavenLaunchDelegate - /Volumes/Macintosh HD/Users/lucienmadl/GitHub/ese2015_hello2/Skeleton
2015-10-14 20:28:06,732 [Worker-22] INFO  o.e.m.i.launch.MavenLaunchDelegate -  mvn  -B jetty:stop jetty:run
2015-10-14 20:30:20,830 [Worker-32] INFO  o.e.m.c.i.l.LifecycleMappingFactory - Using org.maven.ide.eclipse.wtp.WarLifecycleMapping lifecycle mapping for MavenProject: Skeleton:Skeleton:1.0 @ /Volumes/Macintosh HD/Users/lucienmadl/GitHub/ese2015_hello2/Skeleton/pom.xml.
2015-10-14 20:30:22,580 [Worker-32] INFO  o.e.m.c.i.embedder.EclipseLogger - Using 'UTF-8' encoding to copy filtered resources.
2015-10-14 20:30:22,581 [Worker-32] INFO  o.e.m.c.i.embedder.EclipseLogger - skip non existing resourceDirectory /Volumes/Macintosh HD/Users/lucienmadl/GitHub/ese2015_hello2/Skeleton/src/main/resources
2015-10-14 20:30:22,583 [Worker-32] INFO  o.e.m.c.i.embedder.EclipseLogger - Using 'UTF-8' encoding to copy filtered resources.
2015-10-14 20:30:22,584 [Worker-32] INFO  o.e.m.c.i.embedder.EclipseLogger - skip non existing resourceDirectory /Volumes/Macintosh HD/Users/lucienmadl/GitHub/ese2015_hello2/Skeleton/src/test/resources
2015-10-14 20:30:22,584 [Worker-32] INFO  o.e.m.w.i.f.ResourceFilteringBuildParticipant - Changed resources require a complete clean of filtered resources of Skeleton
2015-10-14 20:30:22,585 [Worker-32] INFO  o.e.m.w.i.f.ResourceFilteringBuildParticipant - Executing resource filtering for Skeleton
2015-10-14 20:30:22,593 [Worker-32] INFO  o.e.m.c.i.embedder.EclipseLogger - Using 'UTF-8' encoding to copy filtered resources.
2015-10-14 20:30:35,472 [Worker-22] INFO  o.e.m.i.launch.MavenLaunchDelegate - /Volumes/Macintosh HD/Users/lucienmadl/GitHub/ese2015_hello2/Skeleton
2015-10-14 20:30:35,473 [Worker-22] INFO  o.e.m.i.launch.MavenLaunchDelegate -  mvn  -B jetty:stop jetty:run
2015-10-14 20:32:40,360 [Worker-32] INFO  o.e.m.c.i.embedder.EclipseLogger - Using 'UTF-8' encoding to copy filtered resources.
2015-10-14 20:32:40,360 [Worker-32] INFO  o.e.m.c.i.embedder.EclipseLogger - skip non existing resourceDirectory /Volumes/Macintosh HD/Users/lucienmadl/GitHub/ese2015_hello2/Skeleton/src/main/resources
2015-10-14 20:32:40,362 [Worker-32] INFO  o.e.m.c.i.embedder.EclipseLogger - Using 'UTF-8' encoding to copy filtered resources.
2015-10-14 20:32:40,362 [Worker-32] INFO  o.e.m.c.i.embedder.EclipseLogger - skip non existing resourceDirectory /Volumes/Macintosh HD/Users/lucienmadl/GitHub/ese2015_hello2/Skeleton/src/test/resources
2015-10-14 20:32:50,138 [Worker-19] INFO  o.e.m.c.i.embedder.EclipseLogger - Using 'UTF-8' encoding to copy filtered resources.
2015-10-14 20:32:50,138 [Worker-19] INFO  o.e.m.c.i.embedder.EclipseLogger - skip non existing resourceDirectory /Volumes/Macintosh HD/Users/lucienmadl/GitHub/ese2015_hello2/Skeleton/src/main/resources
2015-10-14 20:32:50,140 [Worker-19] INFO  o.e.m.c.i.embedder.EclipseLogger - Using 'UTF-8' encoding to copy filtered resources.
2015-10-14 20:32:50,140 [Worker-19] INFO  o.e.m.c.i.embedder.EclipseLogger - skip non existing resourceDirectory /Volumes/Macintosh HD/Users/lucienmadl/GitHub/ese2015_hello2/Skeleton/src/test/resources
2015-10-14 20:33:06,013 [Worker-35] INFO  o.e.m.i.launch.MavenLaunchDelegate - /Volumes/Macintosh HD/Users/lucienmadl/GitHub/ese2015_hello2/Skeleton
2015-10-14 20:33:06,013 [Worker-35] INFO  o.e.m.i.launch.MavenLaunchDelegate -  mvn  -B jetty:stop jetty:run
2015-10-14 20:34:40,174 [Worker-28] INFO  o.e.m.c.i.embedder.EclipseLogger - Using 'UTF-8' encoding to copy filtered resources.
2015-10-14 20:34:40,175 [Worker-28] INFO  o.e.m.c.i.embedder.EclipseLogger - skip non existing resourceDirectory /Volumes/Macintosh HD/Users/lucienmadl/GitHub/ese2015_hello2/Skeleton/src/main/resources
2015-10-14 20:34:40,176 [Worker-28] INFO  o.e.m.c.i.embedder.EclipseLogger - Using 'UTF-8' encoding to copy filtered resources.
2015-10-14 20:34:40,176 [Worker-28] INFO  o.e.m.c.i.embedder.EclipseLogger - skip non existing resourceDirectory /Volumes/Macintosh HD/Users/lucienmadl/GitHub/ese2015_hello2/Skeleton/src/test/resources
2015-10-14 20:34:45,772 [Worker-31] INFO  o.e.m.c.i.embedder.EclipseLogger - Using 'UTF-8' encoding to copy filtered resources.
2015-10-14 20:34:45,772 [Worker-31] INFO  o.e.m.c.i.embedder.EclipseLogger - skip non existing resourceDirectory /Volumes/Macintosh HD/Users/lucienmadl/GitHub/ese2015_hello2/Skeleton/src/main/resources
2015-10-14 20:34:45,773 [Worker-31] INFO  o.e.m.c.i.embedder.EclipseLogger - Using 'UTF-8' encoding to copy filtered resources.
2015-10-14 20:34:45,773 [Worker-31] INFO  o.e.m.c.i.embedder.EclipseLogger - skip non existing resourceDirectory /Volumes/Macintosh HD/Users/lucienmadl/GitHub/ese2015_hello2/Skeleton/src/test/resources
2015-10-14 20:34:58,133 [Worker-32] INFO  o.e.m.i.launch.MavenLaunchDelegate - /Volumes/Macintosh HD/Users/lucienmadl/GitHub/ese2015_hello2/Skeleton
2015-10-14 20:34:58,133 [Worker-32] INFO  o.e.m.i.launch.MavenLaunchDelegate -  mvn  -B jetty:stop jetty:run
2015-10-14 20:39:57,210 [Worker-31] INFO  o.e.m.c.i.embedder.EclipseLogger - Using 'UTF-8' encoding to copy filtered resources.
2015-10-14 20:39:57,210 [Worker-31] INFO  o.e.m.c.i.embedder.EclipseLogger - skip non existing resourceDirectory /Volumes/Macintosh HD/Users/lucienmadl/GitHub/ese2015_hello2/Skeleton/src/main/resources
2015-10-14 20:39:57,211 [Worker-31] INFO  o.e.m.c.i.embedder.EclipseLogger - Using 'UTF-8' encoding to copy filtered resources.
2015-10-14 20:39:57,211 [Worker-31] INFO  o.e.m.c.i.embedder.EclipseLogger - skip non existing resourceDirectory /Volumes/Macintosh HD/Users/lucienmadl/GitHub/ese2015_hello2/Skeleton/src/test/resources
2015-10-14 20:41:13,067 [Worker-39] INFO  o.e.m.c.i.embedder.EclipseLogger - Using 'UTF-8' encoding to copy filtered resources.
2015-10-14 20:41:13,067 [Worker-39] INFO  o.e.m.c.i.embedder.EclipseLogger - skip non existing resourceDirectory /Volumes/Macintosh HD/Users/lucienmadl/GitHub/ese2015_hello2/Skeleton/src/main/resources
2015-10-14 20:41:13,069 [Worker-39] INFO  o.e.m.c.i.embedder.EclipseLogger - Using 'UTF-8' encoding to copy filtered resources.
2015-10-14 20:41:13,069 [Worker-39] INFO  o.e.m.c.i.embedder.EclipseLogger - skip non existing resourceDirectory /Volumes/Macintosh HD/Users/lucienmadl/GitHub/ese2015_hello2/Skeleton/src/test/resources
2015-10-14 20:41:37,741 [Worker-39] INFO  o.e.m.i.launch.MavenLaunchDelegate - /Volumes/Macintosh HD/Users/lucienmadl/GitHub/ese2015_hello2/Skeleton
2015-10-14 20:41:37,741 [Worker-39] INFO  o.e.m.i.launch.MavenLaunchDelegate -  mvn  -B jetty:stop jetty:run
2015-10-14 20:43:15,114 [Worker-39] INFO  o.e.m.c.i.embedder.EclipseLogger - Using 'UTF-8' encoding to copy filtered resources.
2015-10-14 20:43:15,114 [Worker-39] INFO  o.e.m.c.i.embedder.EclipseLogger - skip non existing resourceDirectory /Volumes/Macintosh HD/Users/lucienmadl/GitHub/ese2015_hello2/Skeleton/src/main/resources
2015-10-14 20:43:15,116 [Worker-39] INFO  o.e.m.c.i.embedder.EclipseLogger - Using 'UTF-8' encoding to copy filtered resources.
2015-10-14 20:43:15,116 [Worker-39] INFO  o.e.m.c.i.embedder.EclipseLogger - skip non existing resourceDirectory /Volumes/Macintosh HD/Users/lucienmadl/GitHub/ese2015_hello2/Skeleton/src/test/resources
2015-10-14 20:44:27,256 [Worker-39] INFO  o.e.m.c.i.embedder.EclipseLogger - Using 'UTF-8' encoding to copy filtered resources.
2015-10-14 20:44:27,257 [Worker-39] INFO  o.e.m.c.i.embedder.EclipseLogger - skip non existing resourceDirectory /Volumes/Macintosh HD/Users/lucienmadl/GitHub/ese2015_hello2/Skeleton/src/main/resources
2015-10-14 20:44:27,258 [Worker-39] INFO  o.e.m.c.i.embedder.EclipseLogger - Using 'UTF-8' encoding to copy filtered resources.
2015-10-14 20:44:27,258 [Worker-39] INFO  o.e.m.c.i.embedder.EclipseLogger - skip non existing resourceDirectory /Volumes/Macintosh HD/Users/lucienmadl/GitHub/ese2015_hello2/Skeleton/src/test/resources
2015-10-14 20:44:34,838 [Worker-39] INFO  o.e.m.i.launch.MavenLaunchDelegate - /Volumes/Macintosh HD/Users/lucienmadl/GitHub/ese2015_hello2/Skeleton
2015-10-14 20:44:34,838 [Worker-39] INFO  o.e.m.i.launch.MavenLaunchDelegate -  mvn  -B jetty:stop jetty:run
2015-10-14 20:49:38,522 [Worker-10] INFO  o.e.m.c.i.embedder.EclipseLogger - Using 'UTF-8' encoding to copy filtered resources.
2015-10-14 20:49:38,589 [Worker-10] INFO  o.e.m.c.i.embedder.EclipseLogger - skip non existing resourceDirectory /Volumes/Macintosh HD/Users/lucienmadl/GitHub/ese2015_hello2/Skeleton/src/main/resources
2015-10-14 20:49:38,605 [Worker-10] INFO  o.e.m.c.i.embedder.EclipseLogger - Using 'UTF-8' encoding to copy filtered resources.
2015-10-14 20:49:38,606 [Worker-10] INFO  o.e.m.c.i.embedder.EclipseLogger - skip non existing resourceDirectory /Volumes/Macintosh HD/Users/lucienmadl/GitHub/ese2015_hello2/Skeleton/src/test/resources
2015-10-14 20:49:42,878 [Worker-3] INFO  o.e.m.c.i.embedder.EclipseLogger - Using 'UTF-8' encoding to copy filtered resources.
2015-10-14 20:49:42,879 [Worker-3] INFO  o.e.m.c.i.embedder.EclipseLogger - skip non existing resourceDirectory /Volumes/Macintosh HD/Users/lucienmadl/GitHub/ese2015_hello2/Skeleton/src/main/resources
2015-10-14 20:49:42,881 [Worker-3] INFO  o.e.m.c.i.embedder.EclipseLogger - Using 'UTF-8' encoding to copy filtered resources.
2015-10-14 20:49:42,882 [Worker-3] INFO  o.e.m.c.i.embedder.EclipseLogger - skip non existing resourceDirectory /Volumes/Macintosh HD/Users/lucienmadl/GitHub/ese2015_hello2/Skeleton/src/test/resources
2015-10-14 20:49:49,187 [Worker-8] INFO  o.e.m.c.i.embedder.EclipseLogger - Using 'UTF-8' encoding to copy filtered resources.
2015-10-14 20:49:49,187 [Worker-8] INFO  o.e.m.c.i.embedder.EclipseLogger - skip non existing resourceDirectory /Volumes/Macintosh HD/Users/lucienmadl/GitHub/ese2015_hello2/Skeleton/src/main/resources
2015-10-14 20:49:49,189 [Worker-8] INFO  o.e.m.c.i.embedder.EclipseLogger - Using 'UTF-8' encoding to copy filtered resources.
2015-10-14 20:49:49,189 [Worker-8] INFO  o.e.m.c.i.embedder.EclipseLogger - skip non existing resourceDirectory /Volumes/Macintosh HD/Users/lucienmadl/GitHub/ese2015_hello2/Skeleton/src/test/resources
2015-10-14 20:49:59,945 [Worker-12] INFO  o.e.m.i.launch.MavenLaunchDelegate - /Volumes/Macintosh HD/Users/lucienmadl/GitHub/ese2015_hello2/Skeleton
2015-10-14 20:49:59,947 [Worker-12] INFO  o.e.m.i.launch.MavenLaunchDelegate -  mvn  -B jetty:stop jetty:run
2015-10-14 20:51:28,276 [Worker-1] INFO  o.e.m.i.launch.MavenLaunchDelegate - /Volumes/Macintosh HD/Users/lucienmadl/GitHub/ese2015_hello2/Skeleton
2015-10-14 20:51:28,277 [Worker-1] INFO  o.e.m.i.launch.MavenLaunchDelegate -  mvn  -B jetty:stop jetty:run
2015-10-14 20:53:53,751 [Worker-20] INFO  o.e.m.c.i.embedder.EclipseLogger - Using 'UTF-8' encoding to copy filtered resources.
2015-10-14 20:53:53,751 [Worker-20] INFO  o.e.m.c.i.embedder.EclipseLogger - skip non existing resourceDirectory /Volumes/Macintosh HD/Users/lucienmadl/GitHub/ese2015_hello2/Skeleton/src/main/resources
2015-10-14 20:53:53,753 [Worker-20] INFO  o.e.m.c.i.embedder.EclipseLogger - Using 'UTF-8' encoding to copy filtered resources.
2015-10-14 20:53:53,753 [Worker-20] INFO  o.e.m.c.i.embedder.EclipseLogger - skip non existing resourceDirectory /Volumes/Macintosh HD/Users/lucienmadl/GitHub/ese2015_hello2/Skeleton/src/test/resources
2015-10-14 20:55:05,556 [Worker-20] INFO  o.e.m.i.launch.MavenLaunchDelegate - /Volumes/Macintosh HD/Users/lucienmadl/GitHub/ese2015_hello2/Skeleton
2015-10-14 20:55:05,556 [Worker-20] INFO  o.e.m.i.launch.MavenLaunchDelegate -  mvn  -B jetty:stop jetty:run
2015-10-14 21:03:05,580 [Worker-24] INFO  o.e.m.c.i.embedder.EclipseLogger - Using 'UTF-8' encoding to copy filtered resources.
2015-10-14 21:03:05,581 [Worker-24] INFO  o.e.m.c.i.embedder.EclipseLogger - skip non existing resourceDirectory /Volumes/Macintosh HD/Users/lucienmadl/GitHub/ese2015_hello2/Skeleton/src/main/resources
2015-10-14 21:03:05,582 [Worker-24] INFO  o.e.m.c.i.embedder.EclipseLogger - Using 'UTF-8' encoding to copy filtered resources.
2015-10-14 21:03:05,583 [Worker-24] INFO  o.e.m.c.i.embedder.EclipseLogger - skip non existing resourceDirectory /Volumes/Macintosh HD/Users/lucienmadl/GitHub/ese2015_hello2/Skeleton/src/test/resources
2015-10-14 21:09:25,942 [Worker-22] INFO  o.e.m.c.i.embedder.EclipseLogger - Using 'UTF-8' encoding to copy filtered resources.
2015-10-14 21:09:25,942 [Worker-22] INFO  o.e.m.c.i.embedder.EclipseLogger - skip non existing resourceDirectory /Volumes/Macintosh HD/Users/lucienmadl/GitHub/ese2015_hello2/Skeleton/src/main/resources
2015-10-14 21:09:25,944 [Worker-22] INFO  o.e.m.c.i.embedder.EclipseLogger - Using 'UTF-8' encoding to copy filtered resources.
2015-10-14 21:09:25,944 [Worker-22] INFO  o.e.m.c.i.embedder.EclipseLogger - skip non existing resourceDirectory /Volumes/Macintosh HD/Users/lucienmadl/GitHub/ese2015_hello2/Skeleton/src/test/resources
2015-10-14 21:10:09,034 [Worker-28] INFO  o.e.m.c.i.embedder.EclipseLogger - Using 'UTF-8' encoding to copy filtered resources.
2015-10-14 21:10:09,035 [Worker-28] INFO  o.e.m.c.i.embedder.EclipseLogger - skip non existing resourceDirectory /Volumes/Macintosh HD/Users/lucienmadl/GitHub/ese2015_hello2/Skeleton/src/main/resources
2015-10-14 21:10:09,036 [Worker-28] INFO  o.e.m.c.i.embedder.EclipseLogger - Using 'UTF-8' encoding to copy filtered resources.
2015-10-14 21:10:09,037 [Worker-28] INFO  o.e.m.c.i.embedder.EclipseLogger - skip non existing resourceDirectory /Volumes/Macintosh HD/Users/lucienmadl/GitHub/ese2015_hello2/Skeleton/src/test/resources
2015-10-14 21:10:17,566 [Worker-29] INFO  o.e.m.c.i.embedder.EclipseLogger - Using 'UTF-8' encoding to copy filtered resources.
2015-10-14 21:10:17,566 [Worker-29] INFO  o.e.m.c.i.embedder.EclipseLogger - skip non existing resourceDirectory /Volumes/Macintosh HD/Users/lucienmadl/GitHub/ese2015_hello2/Skeleton/src/main/resources
2015-10-14 21:10:17,571 [Worker-29] INFO  o.e.m.c.i.embedder.EclipseLogger - Using 'UTF-8' encoding to copy filtered resources.
2015-10-14 21:10:17,572 [Worker-29] INFO  o.e.m.c.i.embedder.EclipseLogger - skip non existing resourceDirectory /Volumes/Macintosh HD/Users/lucienmadl/GitHub/ese2015_hello2/Skeleton/src/test/resources
2015-10-14 21:11:32,676 [Worker-29] INFO  o.e.m.i.launch.MavenLaunchDelegate - /Volumes/Macintosh HD/Users/lucienmadl/GitHub/ese2015_hello2/Skeleton
2015-10-14 21:11:32,676 [Worker-29] INFO  o.e.m.i.launch.MavenLaunchDelegate -  mvn  -B jetty:stop jetty:run
2015-10-14 21:12:15,277 [Worker-1] INFO  o.e.m.c.i.embedder.EclipseLogger - Using 'UTF-8' encoding to copy filtered resources.
2015-10-14 21:12:15,277 [Worker-1] INFO  o.e.m.c.i.embedder.EclipseLogger - skip non existing resourceDirectory /Volumes/Macintosh HD/Users/lucienmadl/GitHub/ese2015_hello2/Skeleton/src/main/resources
2015-10-14 21:12:15,279 [Worker-1] INFO  o.e.m.c.i.embedder.EclipseLogger - Using 'UTF-8' encoding to copy filtered resources.
2015-10-14 21:12:15,283 [Worker-1] INFO  o.e.m.c.i.embedder.EclipseLogger - skip non existing resourceDirectory /Volumes/Macintosh HD/Users/lucienmadl/GitHub/ese2015_hello2/Skeleton/src/test/resources
2015-10-14 21:12:27,691 [Worker-28] INFO  o.e.m.c.i.embedder.EclipseLogger - Using 'UTF-8' encoding to copy filtered resources.
2015-10-14 21:12:27,691 [Worker-28] INFO  o.e.m.c.i.embedder.EclipseLogger - skip non existing resourceDirectory /Volumes/Macintosh HD/Users/lucienmadl/GitHub/ese2015_hello2/Skeleton/src/main/resources
2015-10-14 21:12:27,693 [Worker-28] INFO  o.e.m.c.i.embedder.EclipseLogger - Using 'UTF-8' encoding to copy filtered resources.
2015-10-14 21:12:27,694 [Worker-28] INFO  o.e.m.c.i.embedder.EclipseLogger - skip non existing resourceDirectory /Volumes/Macintosh HD/Users/lucienmadl/GitHub/ese2015_hello2/Skeleton/src/test/resources
2015-10-14 21:12:38,466 [Worker-31] INFO  o.e.m.i.launch.MavenLaunchDelegate - /Volumes/Macintosh HD/Users/lucienmadl/GitHub/ese2015_hello2/Skeleton
2015-10-14 21:12:38,467 [Worker-31] INFO  o.e.m.i.launch.MavenLaunchDelegate -  mvn  -B jetty:stop jetty:run
2015-10-14 21:17:24,188 [Worker-36] INFO  o.e.m.c.i.embedder.EclipseLogger - Using 'UTF-8' encoding to copy filtered resources.
2015-10-14 21:17:24,188 [Worker-36] INFO  o.e.m.c.i.embedder.EclipseLogger - skip non existing resourceDirectory /Volumes/Macintosh HD/Users/lucienmadl/GitHub/ese2015_hello2/Skeleton/src/main/resources
2015-10-14 21:17:24,190 [Worker-36] INFO  o.e.m.c.i.embedder.EclipseLogger - Using 'UTF-8' encoding to copy filtered resources.
2015-10-14 21:17:24,190 [Worker-36] INFO  o.e.m.c.i.embedder.EclipseLogger - skip non existing resourceDirectory /Volumes/Macintosh HD/Users/lucienmadl/GitHub/ese2015_hello2/Skeleton/src/test/resources
2015-10-14 21:17:43,219 [Worker-37] INFO  o.e.m.c.i.embedder.EclipseLogger - Using 'UTF-8' encoding to copy filtered resources.
2015-10-14 21:17:43,219 [Worker-37] INFO  o.e.m.c.i.embedder.EclipseLogger - skip non existing resourceDirectory /Volumes/Macintosh HD/Users/lucienmadl/GitHub/ese2015_hello2/Skeleton/src/main/resources
2015-10-14 21:17:43,220 [Worker-37] INFO  o.e.m.c.i.embedder.EclipseLogger - Using 'UTF-8' encoding to copy filtered resources.
2015-10-14 21:17:43,220 [Worker-37] INFO  o.e.m.c.i.embedder.EclipseLogger - skip non existing resourceDirectory /Volumes/Macintosh HD/Users/lucienmadl/GitHub/ese2015_hello2/Skeleton/src/test/resources
2015-10-14 21:17:50,273 [Worker-35] INFO  o.e.m.i.launch.MavenLaunchDelegate - /Volumes/Macintosh HD/Users/lucienmadl/GitHub/ese2015_hello2/Skeleton
2015-10-14 21:17:50,273 [Worker-35] INFO  o.e.m.i.launch.MavenLaunchDelegate -  mvn  -B jetty:stop jetty:run
2015-10-14 21:22:28,177 [Worker-0] INFO  o.e.m.c.i.embedder.EclipseLogger - Using 'UTF-8' encoding to copy filtered resources.
2015-10-14 21:22:28,183 [Worker-0] INFO  o.e.m.c.i.embedder.EclipseLogger - skip non existing resourceDirectory /Volumes/Macintosh HD/Users/lucienmadl/GitHub/ese2015_hello2/Skeleton/src/main/resources
2015-10-14 21:22:28,188 [Worker-0] INFO  o.e.m.c.i.embedder.EclipseLogger - Using 'UTF-8' encoding to copy filtered resources.
2015-10-14 21:22:28,189 [Worker-0] INFO  o.e.m.c.i.embedder.EclipseLogger - skip non existing resourceDirectory /Volumes/Macintosh HD/Users/lucienmadl/GitHub/ese2015_hello2/Skeleton/src/test/resources
2015-10-14 21:22:30,701 [Worker-11] INFO  o.e.m.c.i.embedder.EclipseLogger - Using 'UTF-8' encoding to copy filtered resources.
2015-10-14 21:22:30,702 [Worker-11] INFO  o.e.m.c.i.embedder.EclipseLogger - skip non existing resourceDirectory /Volumes/Macintosh HD/Users/lucienmadl/GitHub/ese2015_hello2/Skeleton/src/main/resources
2015-10-14 21:22:30,704 [Worker-11] INFO  o.e.m.c.i.embedder.EclipseLogger - Using 'UTF-8' encoding to copy filtered resources.
2015-10-14 21:22:30,704 [Worker-11] INFO  o.e.m.c.i.embedder.EclipseLogger - skip non existing resourceDirectory /Volumes/Macintosh HD/Users/lucienmadl/GitHub/ese2015_hello2/Skeleton/src/test/resources
2015-10-14 21:23:35,892 [Worker-2] INFO  o.e.m.c.i.embedder.EclipseLogger - Using 'UTF-8' encoding to copy filtered resources.
2015-10-14 21:23:35,892 [Worker-2] INFO  o.e.m.c.i.embedder.EclipseLogger - skip non existing resourceDirectory /Volumes/Macintosh HD/Users/lucienmadl/GitHub/ese2015_hello2/Skeleton/src/main/resources
2015-10-14 21:23:35,894 [Worker-2] INFO  o.e.m.c.i.embedder.EclipseLogger - Using 'UTF-8' encoding to copy filtered resources.
2015-10-14 21:23:35,894 [Worker-2] INFO  o.e.m.c.i.embedder.EclipseLogger - skip non existing resourceDirectory /Volumes/Macintosh HD/Users/lucienmadl/GitHub/ese2015_hello2/Skeleton/src/test/resources
2015-10-14 21:24:20,404 [Worker-13] INFO  o.e.m.i.launch.MavenLaunchDelegate - /Volumes/Macintosh HD/Users/lucienmadl/GitHub/ese2015_hello2/Skeleton
2015-10-14 21:24:20,405 [Worker-13] INFO  o.e.m.i.launch.MavenLaunchDelegate -  mvn  -B jetty:stop jetty:run
2015-10-14 21:27:03,453 [Worker-10] INFO  o.e.m.c.i.embedder.EclipseLogger - Using 'UTF-8' encoding to copy filtered resources.
2015-10-14 21:27:03,458 [Worker-10] INFO  o.e.m.c.i.embedder.EclipseLogger - skip non existing resourceDirectory /Volumes/Macintosh HD/Users/lucienmadl/GitHub/ese2015_hello2/Skeleton/src/main/resources
2015-10-14 21:27:03,463 [Worker-10] INFO  o.e.m.c.i.embedder.EclipseLogger - Using 'UTF-8' encoding to copy filtered resources.
2015-10-14 21:27:03,463 [Worker-10] INFO  o.e.m.c.i.embedder.EclipseLogger - skip non existing resourceDirectory /Volumes/Macintosh HD/Users/lucienmadl/GitHub/ese2015_hello2/Skeleton/src/test/resources
2015-10-14 21:27:45,927 [Worker-5] INFO  o.e.m.i.launch.MavenLaunchDelegate - /Volumes/Macintosh HD/Users/lucienmadl/GitHub/ese2015_hello2/Skeleton
2015-10-14 21:27:45,930 [Worker-5] INFO  o.e.m.i.launch.MavenLaunchDelegate -  mvn  -B jetty:stop jetty:run
2015-10-14 21:32:40,803 [Worker-10] INFO  o.e.m.i.launch.MavenLaunchDelegate - /Volumes/Macintosh HD/Users/lucienmadl/GitHub/ese2015_hello2/Skeleton
2015-10-14 21:32:40,803 [Worker-10] INFO  o.e.m.i.launch.MavenLaunchDelegate -  mvn  -B jetty:stop jetty:run
2015-10-14 21:38:00,392 [Worker-3] INFO  o.e.m.c.i.embedder.EclipseLogger - Using 'UTF-8' encoding to copy filtered resources.
2015-10-14 21:38:00,392 [Worker-3] INFO  o.e.m.c.i.embedder.EclipseLogger - skip non existing resourceDirectory /Volumes/Macintosh HD/Users/lucienmadl/GitHub/ese2015_hello2/Skeleton/src/main/resources
2015-10-14 21:38:00,394 [Worker-3] INFO  o.e.m.c.i.embedder.EclipseLogger - Using 'UTF-8' encoding to copy filtered resources.
2015-10-14 21:38:00,395 [Worker-3] INFO  o.e.m.c.i.embedder.EclipseLogger - skip non existing resourceDirectory /Volumes/Macintosh HD/Users/lucienmadl/GitHub/ese2015_hello2/Skeleton/src/test/resources
2015-10-14 21:41:36,679 [Worker-3] INFO  o.e.m.c.i.embedder.EclipseLogger - Using 'UTF-8' encoding to copy filtered resources.
2015-10-14 21:41:36,679 [Worker-3] INFO  o.e.m.c.i.embedder.EclipseLogger - skip non existing resourceDirectory /Volumes/Macintosh HD/Users/lucienmadl/GitHub/ese2015_hello2/Skeleton/src/main/resources
2015-10-14 21:41:36,681 [Worker-3] INFO  o.e.m.c.i.embedder.EclipseLogger - Using 'UTF-8' encoding to copy filtered resources.
2015-10-14 21:41:36,682 [Worker-3] INFO  o.e.m.c.i.embedder.EclipseLogger - skip non existing resourceDirectory /Volumes/Macintosh HD/Users/lucienmadl/GitHub/ese2015_hello2/Skeleton/src/test/resources
2015-10-14 21:42:02,842 [Worker-19] INFO  o.e.m.i.launch.MavenLaunchDelegate - /Volumes/Macintosh HD/Users/lucienmadl/GitHub/ese2015_hello2/Skeleton
2015-10-14 21:42:02,842 [Worker-19] INFO  o.e.m.i.launch.MavenLaunchDelegate -  mvn  -B jetty:stop jetty:run
2015-10-14 21:43:14,518 [Worker-18] INFO  o.e.m.c.i.embedder.EclipseLogger - Using 'UTF-8' encoding to copy filtered resources.
2015-10-14 21:43:14,518 [Worker-18] INFO  o.e.m.c.i.embedder.EclipseLogger - skip non existing resourceDirectory /Volumes/Macintosh HD/Users/lucienmadl/GitHub/ese2015_hello2/Skeleton/src/main/resources
2015-10-14 21:43:14,520 [Worker-18] INFO  o.e.m.c.i.embedder.EclipseLogger - Using 'UTF-8' encoding to copy filtered resources.
2015-10-14 21:43:14,520 [Worker-18] INFO  o.e.m.c.i.embedder.EclipseLogger - skip non existing resourceDirectory /Volumes/Macintosh HD/Users/lucienmadl/GitHub/ese2015_hello2/Skeleton/src/test/resources
2015-10-14 21:43:31,021 [Worker-20] INFO  o.e.m.i.launch.MavenLaunchDelegate - /Volumes/Macintosh HD/Users/lucienmadl/GitHub/ese2015_hello2/Skeleton
2015-10-14 21:43:31,022 [Worker-20] INFO  o.e.m.i.launch.MavenLaunchDelegate -  mvn  -B jetty:stop jetty:run
2015-10-14 21:45:12,144 [Worker-17] INFO  o.e.m.c.i.embedder.EclipseLogger - Using 'UTF-8' encoding to copy filtered resources.
2015-10-14 21:45:12,144 [Worker-17] INFO  o.e.m.c.i.embedder.EclipseLogger - skip non existing resourceDirectory /Volumes/Macintosh HD/Users/lucienmadl/GitHub/ese2015_hello2/Skeleton/src/main/resources
2015-10-14 21:45:12,146 [Worker-17] INFO  o.e.m.c.i.embedder.EclipseLogger - Using 'UTF-8' encoding to copy filtered resources.
2015-10-14 21:45:12,146 [Worker-17] INFO  o.e.m.c.i.embedder.EclipseLogger - skip non existing resourceDirectory /Volumes/Macintosh HD/Users/lucienmadl/GitHub/ese2015_hello2/Skeleton/src/test/resources
2015-10-14 21:45:16,341 [Worker-3] INFO  o.e.m.c.i.embedder.EclipseLogger - Using 'UTF-8' encoding to copy filtered resources.
2015-10-14 21:45:16,342 [Worker-3] INFO  o.e.m.c.i.embedder.EclipseLogger - skip non existing resourceDirectory /Volumes/Macintosh HD/Users/lucienmadl/GitHub/ese2015_hello2/Skeleton/src/main/resources
2015-10-14 21:45:16,343 [Worker-3] INFO  o.e.m.c.i.embedder.EclipseLogger - Using 'UTF-8' encoding to copy filtered resources.
2015-10-14 21:45:16,344 [Worker-3] INFO  o.e.m.c.i.embedder.EclipseLogger - skip non existing resourceDirectory /Volumes/Macintosh HD/Users/lucienmadl/GitHub/ese2015_hello2/Skeleton/src/test/resources
2015-10-14 21:45:21,192 [Worker-3] INFO  o.e.m.i.launch.MavenLaunchDelegate - /Volumes/Macintosh HD/Users/lucienmadl/GitHub/ese2015_hello2/Skeleton
2015-10-14 21:45:21,192 [Worker-3] INFO  o.e.m.i.launch.MavenLaunchDelegate -  mvn  -B jetty:stop jetty:run
2015-10-14 21:55:54,507 [Worker-3] INFO  o.e.m.c.i.embedder.EclipseLogger - Using 'UTF-8' encoding to copy filtered resources.
2015-10-14 21:55:54,570 [Worker-3] INFO  o.e.m.c.i.embedder.EclipseLogger - skip non existing resourceDirectory /Volumes/Macintosh HD/Users/lucienmadl/GitHub/ese2015_hello2/Skeleton/src/main/resources
2015-10-14 21:55:54,572 [Worker-3] INFO  o.e.m.c.i.embedder.EclipseLogger - Using 'UTF-8' encoding to copy filtered resources.
2015-10-14 21:55:54,572 [Worker-3] INFO  o.e.m.c.i.embedder.EclipseLogger - skip non existing resourceDirectory /Volumes/Macintosh HD/Users/lucienmadl/GitHub/ese2015_hello2/Skeleton/src/test/resources
2015-10-14 21:56:02,387 [Worker-24] INFO  o.e.m.i.launch.MavenLaunchDelegate - /Volumes/Macintosh HD/Users/lucienmadl/GitHub/ese2015_hello2/Skeleton
2015-10-14 21:56:02,387 [Worker-24] INFO  o.e.m.i.launch.MavenLaunchDelegate -  mvn  -B jetty:stop jetty:run
2015-10-14 21:59:13,864 [Worker-33] INFO  o.e.m.c.i.embedder.EclipseLogger - Using 'UTF-8' encoding to copy filtered resources.
2015-10-14 21:59:13,864 [Worker-33] INFO  o.e.m.c.i.embedder.EclipseLogger - skip non existing resourceDirectory /Volumes/Macintosh HD/Users/lucienmadl/GitHub/ese2015_hello2/Skeleton/src/main/resources
2015-10-14 21:59:13,867 [Worker-33] INFO  o.e.m.c.i.embedder.EclipseLogger - Using 'UTF-8' encoding to copy filtered resources.
2015-10-14 21:59:13,867 [Worker-33] INFO  o.e.m.c.i.embedder.EclipseLogger - skip non existing resourceDirectory /Volumes/Macintosh HD/Users/lucienmadl/GitHub/ese2015_hello2/Skeleton/src/test/resources
2015-10-14 21:59:18,463 [Worker-33] INFO  o.e.m.i.launch.MavenLaunchDelegate - /Volumes/Macintosh HD/Users/lucienmadl/GitHub/ese2015_hello2/Skeleton
2015-10-14 21:59:18,463 [Worker-33] INFO  o.e.m.i.launch.MavenLaunchDelegate -  mvn  -B jetty:stop jetty:run
